#
# There is insufficient memory for the Java Runtime Environment to continue.
# Native memory allocation (mmap) failed to map 65536 bytes for Failed to commit metaspace.
# Possible reasons:
#   The system is out of physical RAM or swap space
#   The process is running with CompressedOops enabled, and the Java Heap may be blocking the growth of the native heap
# Possible solutions:
#   Reduce memory load on the system
#   Increase physical memory or swap space
#   Check if swap backing store is full
#   Decrease Java heap size (-Xmx/-Xms)
#   Decrease number of Java threads
#   Decrease Java thread stack sizes (-Xss)
#   Set larger code cache with -XX:ReservedCodeCacheSize=
#   JVM is running with Unscaled Compressed Oops mode in which the Java heap is
#     placed in the first 4GB address space. The Java Heap base address is the
#     maximum limit for the native heap growth. Please use -XX:HeapBaseMinAddress
#     to set the Java Heap base and to place the Java Heap above 4GB virtual address.
# This output file may be truncated or incomplete.
#
#  Out of Memory Error (virtualSpaceNode.cpp:110), pid=35368, tid=32208
#
# JRE version: OpenJDK Runtime Environment (17.0.7) (build 17.0.7+0-b2043.56-10550314)
# Java VM: OpenJDK 64-Bit Server VM (17.0.7+0-b2043.56-10550314, mixed mode, tiered, compressed oops, compressed class ptrs, g1 gc, windows-amd64)
# No core dump will be written. Minidumps are not enabled by default on client versions of Windows
#

---------------  S U M M A R Y ------------

Command Line: git4idea.http.GitAskPassApp Username for 'https://github.com': 

Host: 11th Gen Intel(R) Core(TM) i5-11400H @ 2.70GHz, 12 cores, 7G,  Windows 11 , 64 bit Build 22621 (10.0.22621.3235)
Time: Sun Mar 17 02:42:09 2024 SE Asia Standard Time elapsed time: 0.197505 seconds (0d 0h 0m 0s)

---------------  T H R E A D  ---------------

Current thread (0x000002020efafbc0):  JavaThread "main" [_thread_in_vm, id=32208, stack(0x00000077df600000,0x00000077df700000)]

Stack: [0x00000077df600000,0x00000077df700000]
Native frames: (J=compiled Java code, j=interpreted, Vv=VM code, C=native code)
V  [jvm.dll+0x683bfa]
V  [jvm.dll+0x8430a4]
V  [jvm.dll+0x8449be]
V  [jvm.dll+0x845023]
V  [jvm.dll+0x24ad2f]
V  [jvm.dll+0x83e45b]
V  [jvm.dll+0x6281e6]
V  [jvm.dll+0x1c29ee]
V  [jvm.dll+0x62ab31]
V  [jvm.dll+0x628b86]
V  [jvm.dll+0x23ec1f]
V  [jvm.dll+0x632a15]
V  [jvm.dll+0x1eea7b]
V  [jvm.dll+0x1eefb5]
V  [jvm.dll+0x1ef8d4]
V  [jvm.dll+0x1e4e1c]
V  [jvm.dll+0x54a1dd]
V  [jvm.dll+0x1f573b]
V  [jvm.dll+0x7bcb6b]
V  [jvm.dll+0x7bdfb2]
V  [jvm.dll+0x7be2e8]
V  [jvm.dll+0x2429be]
V  [jvm.dll+0x242c0f]
V  [jvm.dll+0x568108]
V  [jvm.dll+0x56b047]
V  [jvm.dll+0x38a0f4]
V  [jvm.dll+0x38975f]
C  0x00000202199aa459

Java frames: (J=compiled Java code, j=interpreted, Vv=VM code)
j  java.time.temporal.ChronoUnit.<clinit>()V+10 java.base@17.0.7
v  ~StubRoutines::call_stub
j  java.time.temporal.ChronoField.<clinit>()V+9 java.base@17.0.7
v  ~StubRoutines::call_stub
j  java.time.LocalDate.of(III)Ljava/time/LocalDate;+0 java.base@17.0.7
j  java.time.LocalDate.<clinit>()V+5 java.base@17.0.7
v  ~StubRoutines::call_stub
j  java.time.LocalDateTime.<clinit>()V+0 java.base@17.0.7
v  ~StubRoutines::call_stub
j  java.time.ZonedDateTime.of(IIIIIIILjava/time/ZoneId;)Ljava/time/ZonedDateTime;+10 java.base@17.0.7
j  sun.security.util.DisabledAlgorithmConstraints$DenyAfterConstraint.<init>(Ljava/lang/String;III)V+73 java.base@17.0.7
j  sun.security.util.DisabledAlgorithmConstraints$Constraints.<init>(Ljava/lang/String;Ljava/util/Set;)V+624 java.base@17.0.7
j  sun.security.util.DisabledAlgorithmConstraints.<init>(Ljava/lang/String;Lsun/security/util/AlgorithmDecomposer;)V+119 java.base@17.0.7
j  sun.security.ssl.SSLAlgorithmConstraints.<clinit>()V+33 java.base@17.0.7
v  ~StubRoutines::call_stub
j  sun.security.ssl.ProtocolVersion.<init>(Ljava/lang/String;IILjava/lang/String;Z)V+47 java.base@17.0.7
j  sun.security.ssl.ProtocolVersion.<clinit>()V+13 java.base@17.0.7
v  ~StubRoutines::call_stub
j  sun.security.ssl.SSLContextImpl$AbstractTLSContext.<clinit>()V+7 java.base@17.0.7
v  ~StubRoutines::call_stub
j  java.lang.Class.forName0(Ljava/lang/String;ZLjava/lang/ClassLoader;Ljava/lang/Class;)Ljava/lang/Class;+0 java.base@17.0.7
j  java.lang.Class.forName(Ljava/lang/String;)Ljava/lang/Class;+11 java.base@17.0.7
j  java.security.Provider$Service.getImplClass()Ljava/lang/Class;+64 java.base@17.0.7
j  java.security.Provider$Service.getDefaultConstructor()Ljava/lang/reflect/Constructor;+46 java.base@17.0.7
j  java.security.Provider$Service.newInstanceOf()Ljava/lang/Object;+1 java.base@17.0.7
j  java.security.Provider$Service.newInstanceUtil(Ljava/lang/Class;Ljava/lang/Object;)Ljava/lang/Object;+5 java.base@17.0.7
j  java.security.Provider$Service.newInstance(Ljava/lang/Object;)Ljava/lang/Object;+227 java.base@17.0.7
j  sun.security.jca.GetInstance.getInstance(Ljava/security/Provider$Service;Ljava/lang/Class;)Lsun/security/jca/GetInstance$Instance;+2 java.base@17.0.7
j  sun.security.jca.GetInstance.getInstance(Ljava/lang/String;Ljava/lang/Class;Ljava/lang/String;)Lsun/security/jca/GetInstance$Instance;+56 java.base@17.0.7
j  javax.net.ssl.SSLContext.getInstance(Ljava/lang/String;)Ljavax/net/ssl/SSLContext;+12 java.base@17.0.7
j  externalApp.ExternalAppUtil.sendIdeRequest(Ljava/lang/String;ILjava/lang/String;Ljava/lang/String;)LexternalApp/ExternalAppUtil$Result;+18
j  git4idea.http.GitAskPassApp.main([Ljava/lang/String;)V+37
v  ~StubRoutines::call_stub

---------------  P R O C E S S  ---------------

Threads class SMR info:
_java_thread_list=0x00000202293ad5e0, length=12, elements={
0x000002020efafbc0, 0x00000202291e6690, 0x00000202291e7240, 0x000002022922fa30,
0x00000202292305e0, 0x0000020229232fa0, 0x0000020229235960, 0x0000020229236b00,
0x00000202292375a0, 0x0000020229277440, 0x00000202293cd280, 0x00000202296b80a0
}

Java Threads: ( => current thread )
=>0x000002020efafbc0 JavaThread "main" [_thread_in_vm, id=32208, stack(0x00000077df600000,0x00000077df700000)]
  0x00000202291e6690 JavaThread "Reference Handler" daemon [_thread_blocked, id=1760, stack(0x00000077dfd00000,0x00000077dfe00000)]
  0x00000202291e7240 JavaThread "Finalizer" daemon [_thread_blocked, id=33144, stack(0x00000077dfe00000,0x00000077dff00000)]
  0x000002022922fa30 JavaThread "Signal Dispatcher" daemon [_thread_blocked, id=15140, stack(0x00000077dff00000,0x00000077e0000000)]
  0x00000202292305e0 JavaThread "Attach Listener" daemon [_thread_blocked, id=11704, stack(0x00000077e0000000,0x00000077e0100000)]
  0x0000020229232fa0 JavaThread "Service Thread" daemon [_thread_blocked, id=35328, stack(0x00000077e0100000,0x00000077e0200000)]
  0x0000020229235960 JavaThread "Monitor Deflation Thread" daemon [_thread_blocked, id=32908, stack(0x00000077e0200000,0x00000077e0300000)]
  0x0000020229236b00 JavaThread "C2 CompilerThread0" daemon [_thread_blocked, id=10660, stack(0x00000077e0300000,0x00000077e0400000)]
  0x00000202292375a0 JavaThread "C1 CompilerThread0" daemon [_thread_blocked, id=29256, stack(0x00000077e0400000,0x00000077e0500000)]
  0x0000020229277440 JavaThread "Sweeper thread" daemon [_thread_blocked, id=2708, stack(0x00000077e0500000,0x00000077e0600000)]
  0x00000202293cd280 JavaThread "Notification Thread" daemon [_thread_blocked, id=28104, stack(0x00000077e0600000,0x00000077e0700000)]
  0x00000202296b80a0 JavaThread "Common-Cleaner" daemon [_thread_blocked, id=28292, stack(0x00000077e0800000,0x00000077e0900000)]

Other Threads:
  0x00000202287e4c40 VMThread "VM Thread" [stack: 0x00000077dfc00000,0x00000077dfd00000] [id=32372]
  0x000002020f02af70 WatcherThread [stack: 0x00000077e0700000,0x00000077e0800000] [id=31696]
  0x000002020f009790 GCTaskThread "GC Thread#0" [stack: 0x00000077df700000,0x00000077df800000] [id=25124]
  0x000002020f01a010 ConcurrentGCThread "G1 Main Marker" [stack: 0x00000077df800000,0x00000077df900000] [id=18396]
  0x000002020f01ba30 ConcurrentGCThread "G1 Conc#0" [stack: 0x00000077df900000,0x00000077dfa00000] [id=36476]
  0x000002020f04e840 ConcurrentGCThread "G1 Refine#0" [stack: 0x00000077dfa00000,0x00000077dfb00000] [id=18924]
  0x00000202286965a0 ConcurrentGCThread "G1 Service" [stack: 0x00000077dfb00000,0x00000077dfc00000] [id=3272]

Threads with active compile tasks:

VM state: not at safepoint (normal execution)

VM Mutex/Monitor currently owned by a thread:  ([mutex/lock_event])
[0x000002020efaaa20] Metaspace_lock - owner thread: 0x000002020efafbc0

Heap address: 0x0000000083600000, size: 1994 MB, Compressed Oops mode: 32-bit

CDS archive(s) not mapped
Compressed class space mapped at: 0x0000000100000000-0x0000000140000000, reserved size: 1073741824
Narrow klass base: 0x0000000000000000, Narrow klass shift: 3, Narrow klass range: 0x140000000

GC Precious Log:
 CPUs: 12 total, 12 available
 Memory: 7971M
 Large Page Support: Disabled
 NUMA Support: Disabled
 Compressed Oops: Enabled (32-bit)
 Heap Region Size: 1M
 Heap Min Capacity: 8M
 Heap Initial Capacity: 126M
 Heap Max Capacity: 1994M
 Pre-touch: Disabled
 Parallel Workers: 10
 Concurrent Workers: 3
 Concurrent Refinement Workers: 10
 Periodic GC: Disabled

Heap:
 garbage-first heap   total 129024K, used 2048K [0x0000000083600000, 0x0000000100000000)
  region size 1024K, 3 young (3072K), 0 survivors (0K)
 Metaspace       used 7907K, committed 8000K, reserved 1114112K
  class space    used 698K, committed 768K, reserved 1048576K

Heap Regions: E=young(eden), S=young(survivor), O=old, HS=humongous(starts), HC=humongous(continues), CS=collection set, F=free, OA=open archive, CA=closed archive, TAMS=top-at-mark-start (previous, next)
|   0|0x0000000083600000, 0x0000000083600000, 0x0000000083700000|  0%| F|  |TAMS 0x0000000083600000, 0x0000000083600000| Untracked 
|   1|0x0000000083700000, 0x0000000083700000, 0x0000000083800000|  0%| F|  |TAMS 0x0000000083700000, 0x0000000083700000| Untracked 
|   2|0x0000000083800000, 0x0000000083800000, 0x0000000083900000|  0%| F|  |TAMS 0x0000000083800000, 0x0000000083800000| Untracked 
|   3|0x0000000083900000, 0x0000000083900000, 0x0000000083a00000|  0%| F|  |TAMS 0x0000000083900000, 0x0000000083900000| Untracked 
|   4|0x0000000083a00000, 0x0000000083a00000, 0x0000000083b00000|  0%| F|  |TAMS 0x0000000083a00000, 0x0000000083a00000| Untracked 
|   5|0x0000000083b00000, 0x0000000083b00000, 0x0000000083c00000|  0%| F|  |TAMS 0x0000000083b00000, 0x0000000083b00000| Untracked 
|   6|0x0000000083c00000, 0x0000000083c00000, 0x0000000083d00000|  0%| F|  |TAMS 0x0000000083c00000, 0x0000000083c00000| Untracked 
|   7|0x0000000083d00000, 0x0000000083d00000, 0x0000000083e00000|  0%| F|  |TAMS 0x0000000083d00000, 0x0000000083d00000| Untracked 
|   8|0x0000000083e00000, 0x0000000083e00000, 0x0000000083f00000|  0%| F|  |TAMS 0x0000000083e00000, 0x0000000083e00000| Untracked 
|   9|0x0000000083f00000, 0x0000000083f00000, 0x0000000084000000|  0%| F|  |TAMS 0x0000000083f00000, 0x0000000083f00000| Untracked 
|  10|0x0000000084000000, 0x0000000084000000, 0x0000000084100000|  0%| F|  |TAMS 0x0000000084000000, 0x0000000084000000| Untracked 
|  11|0x0000000084100000, 0x0000000084100000, 0x0000000084200000|  0%| F|  |TAMS 0x0000000084100000, 0x0000000084100000| Untracked 
|  12|0x0000000084200000, 0x0000000084200000, 0x0000000084300000|  0%| F|  |TAMS 0x0000000084200000, 0x0000000084200000| Untracked 
|  13|0x0000000084300000, 0x0000000084300000, 0x0000000084400000|  0%| F|  |TAMS 0x0000000084300000, 0x0000000084300000| Untracked 
|  14|0x0000000084400000, 0x0000000084400000, 0x0000000084500000|  0%| F|  |TAMS 0x0000000084400000, 0x0000000084400000| Untracked 
|  15|0x0000000084500000, 0x0000000084500000, 0x0000000084600000|  0%| F|  |TAMS 0x0000000084500000, 0x0000000084500000| Untracked 
|  16|0x0000000084600000, 0x0000000084600000, 0x0000000084700000|  0%| F|  |TAMS 0x0000000084600000, 0x0000000084600000| Untracked 
|  17|0x0000000084700000, 0x0000000084700000, 0x0000000084800000|  0%| F|  |TAMS 0x0000000084700000, 0x0000000084700000| Untracked 
|  18|0x0000000084800000, 0x0000000084800000, 0x0000000084900000|  0%| F|  |TAMS 0x0000000084800000, 0x0000000084800000| Untracked 
|  19|0x0000000084900000, 0x0000000084900000, 0x0000000084a00000|  0%| F|  |TAMS 0x0000000084900000, 0x0000000084900000| Untracked 
|  20|0x0000000084a00000, 0x0000000084a00000, 0x0000000084b00000|  0%| F|  |TAMS 0x0000000084a00000, 0x0000000084a00000| Untracked 
|  21|0x0000000084b00000, 0x0000000084b00000, 0x0000000084c00000|  0%| F|  |TAMS 0x0000000084b00000, 0x0000000084b00000| Untracked 
|  22|0x0000000084c00000, 0x0000000084c00000, 0x0000000084d00000|  0%| F|  |TAMS 0x0000000084c00000, 0x0000000084c00000| Untracked 
|  23|0x0000000084d00000, 0x0000000084d00000, 0x0000000084e00000|  0%| F|  |TAMS 0x0000000084d00000, 0x0000000084d00000| Untracked 
|  24|0x0000000084e00000, 0x0000000084e00000, 0x0000000084f00000|  0%| F|  |TAMS 0x0000000084e00000, 0x0000000084e00000| Untracked 
|  25|0x0000000084f00000, 0x0000000084f00000, 0x0000000085000000|  0%| F|  |TAMS 0x0000000084f00000, 0x0000000084f00000| Untracked 
|  26|0x0000000085000000, 0x0000000085000000, 0x0000000085100000|  0%| F|  |TAMS 0x0000000085000000, 0x0000000085000000| Untracked 
|  27|0x0000000085100000, 0x0000000085100000, 0x0000000085200000|  0%| F|  |TAMS 0x0000000085100000, 0x0000000085100000| Untracked 
|  28|0x0000000085200000, 0x0000000085200000, 0x0000000085300000|  0%| F|  |TAMS 0x0000000085200000, 0x0000000085200000| Untracked 
|  29|0x0000000085300000, 0x0000000085300000, 0x0000000085400000|  0%| F|  |TAMS 0x0000000085300000, 0x0000000085300000| Untracked 
|  30|0x0000000085400000, 0x0000000085400000, 0x0000000085500000|  0%| F|  |TAMS 0x0000000085400000, 0x0000000085400000| Untracked 
|  31|0x0000000085500000, 0x0000000085500000, 0x0000000085600000|  0%| F|  |TAMS 0x0000000085500000, 0x0000000085500000| Untracked 
|  32|0x0000000085600000, 0x0000000085600000, 0x0000000085700000|  0%| F|  |TAMS 0x0000000085600000, 0x0000000085600000| Untracked 
|  33|0x0000000085700000, 0x0000000085700000, 0x0000000085800000|  0%| F|  |TAMS 0x0000000085700000, 0x0000000085700000| Untracked 
|  34|0x0000000085800000, 0x0000000085800000, 0x0000000085900000|  0%| F|  |TAMS 0x0000000085800000, 0x0000000085800000| Untracked 
|  35|0x0000000085900000, 0x0000000085900000, 0x0000000085a00000|  0%| F|  |TAMS 0x0000000085900000, 0x0000000085900000| Untracked 
|  36|0x0000000085a00000, 0x0000000085a00000, 0x0000000085b00000|  0%| F|  |TAMS 0x0000000085a00000, 0x0000000085a00000| Untracked 
|  37|0x0000000085b00000, 0x0000000085b00000, 0x0000000085c00000|  0%| F|  |TAMS 0x0000000085b00000, 0x0000000085b00000| Untracked 
|  38|0x0000000085c00000, 0x0000000085c00000, 0x0000000085d00000|  0%| F|  |TAMS 0x0000000085c00000, 0x0000000085c00000| Untracked 
|  39|0x0000000085d00000, 0x0000000085d00000, 0x0000000085e00000|  0%| F|  |TAMS 0x0000000085d00000, 0x0000000085d00000| Untracked 
|  40|0x0000000085e00000, 0x0000000085e00000, 0x0000000085f00000|  0%| F|  |TAMS 0x0000000085e00000, 0x0000000085e00000| Untracked 
|  41|0x0000000085f00000, 0x0000000085f00000, 0x0000000086000000|  0%| F|  |TAMS 0x0000000085f00000, 0x0000000085f00000| Untracked 
|  42|0x0000000086000000, 0x0000000086000000, 0x0000000086100000|  0%| F|  |TAMS 0x0000000086000000, 0x0000000086000000| Untracked 
|  43|0x0000000086100000, 0x0000000086100000, 0x0000000086200000|  0%| F|  |TAMS 0x0000000086100000, 0x0000000086100000| Untracked 
|  44|0x0000000086200000, 0x0000000086200000, 0x0000000086300000|  0%| F|  |TAMS 0x0000000086200000, 0x0000000086200000| Untracked 
|  45|0x0000000086300000, 0x0000000086300000, 0x0000000086400000|  0%| F|  |TAMS 0x0000000086300000, 0x0000000086300000| Untracked 
|  46|0x0000000086400000, 0x0000000086400000, 0x0000000086500000|  0%| F|  |TAMS 0x0000000086400000, 0x0000000086400000| Untracked 
|  47|0x0000000086500000, 0x0000000086500000, 0x0000000086600000|  0%| F|  |TAMS 0x0000000086500000, 0x0000000086500000| Untracked 
|  48|0x0000000086600000, 0x0000000086600000, 0x0000000086700000|  0%| F|  |TAMS 0x0000000086600000, 0x0000000086600000| Untracked 
|  49|0x0000000086700000, 0x0000000086700000, 0x0000000086800000|  0%| F|  |TAMS 0x0000000086700000, 0x0000000086700000| Untracked 
|  50|0x0000000086800000, 0x0000000086800000, 0x0000000086900000|  0%| F|  |TAMS 0x0000000086800000, 0x0000000086800000| Untracked 
|  51|0x0000000086900000, 0x0000000086900000, 0x0000000086a00000|  0%| F|  |TAMS 0x0000000086900000, 0x0000000086900000| Untracked 
|  52|0x0000000086a00000, 0x0000000086a00000, 0x0000000086b00000|  0%| F|  |TAMS 0x0000000086a00000, 0x0000000086a00000| Untracked 
|  53|0x0000000086b00000, 0x0000000086b00000, 0x0000000086c00000|  0%| F|  |TAMS 0x0000000086b00000, 0x0000000086b00000| Untracked 
|  54|0x0000000086c00000, 0x0000000086c00000, 0x0000000086d00000|  0%| F|  |TAMS 0x0000000086c00000, 0x0000000086c00000| Untracked 
|  55|0x0000000086d00000, 0x0000000086d00000, 0x0000000086e00000|  0%| F|  |TAMS 0x0000000086d00000, 0x0000000086d00000| Untracked 
|  56|0x0000000086e00000, 0x0000000086e00000, 0x0000000086f00000|  0%| F|  |TAMS 0x0000000086e00000, 0x0000000086e00000| Untracked 
|  57|0x0000000086f00000, 0x0000000086f00000, 0x0000000087000000|  0%| F|  |TAMS 0x0000000086f00000, 0x0000000086f00000| Untracked 
|  58|0x0000000087000000, 0x0000000087000000, 0x0000000087100000|  0%| F|  |TAMS 0x0000000087000000, 0x0000000087000000| Untracked 
|  59|0x0000000087100000, 0x0000000087100000, 0x0000000087200000|  0%| F|  |TAMS 0x0000000087100000, 0x0000000087100000| Untracked 
|  60|0x0000000087200000, 0x0000000087200000, 0x0000000087300000|  0%| F|  |TAMS 0x0000000087200000, 0x0000000087200000| Untracked 
|  61|0x0000000087300000, 0x0000000087300000, 0x0000000087400000|  0%| F|  |TAMS 0x0000000087300000, 0x0000000087300000| Untracked 
|  62|0x0000000087400000, 0x0000000087400000, 0x0000000087500000|  0%| F|  |TAMS 0x0000000087400000, 0x0000000087400000| Untracked 
|  63|0x0000000087500000, 0x0000000087500000, 0x0000000087600000|  0%| F|  |TAMS 0x0000000087500000, 0x0000000087500000| Untracked 
|  64|0x0000000087600000, 0x0000000087600000, 0x0000000087700000|  0%| F|  |TAMS 0x0000000087600000, 0x0000000087600000| Untracked 
|  65|0x0000000087700000, 0x0000000087700000, 0x0000000087800000|  0%| F|  |TAMS 0x0000000087700000, 0x0000000087700000| Untracked 
|  66|0x0000000087800000, 0x0000000087800000, 0x0000000087900000|  0%| F|  |TAMS 0x0000000087800000, 0x0000000087800000| Untracked 
|  67|0x0000000087900000, 0x0000000087900000, 0x0000000087a00000|  0%| F|  |TAMS 0x0000000087900000, 0x0000000087900000| Untracked 
|  68|0x0000000087a00000, 0x0000000087a00000, 0x0000000087b00000|  0%| F|  |TAMS 0x0000000087a00000, 0x0000000087a00000| Untracked 
|  69|0x0000000087b00000, 0x0000000087b00000, 0x0000000087c00000|  0%| F|  |TAMS 0x0000000087b00000, 0x0000000087b00000| Untracked 
|  70|0x0000000087c00000, 0x0000000087c00000, 0x0000000087d00000|  0%| F|  |TAMS 0x0000000087c00000, 0x0000000087c00000| Untracked 
|  71|0x0000000087d00000, 0x0000000087d00000, 0x0000000087e00000|  0%| F|  |TAMS 0x0000000087d00000, 0x0000000087d00000| Untracked 
|  72|0x0000000087e00000, 0x0000000087e00000, 0x0000000087f00000|  0%| F|  |TAMS 0x0000000087e00000, 0x0000000087e00000| Untracked 
|  73|0x0000000087f00000, 0x0000000087f00000, 0x0000000088000000|  0%| F|  |TAMS 0x0000000087f00000, 0x0000000087f00000| Untracked 
|  74|0x0000000088000000, 0x0000000088000000, 0x0000000088100000|  0%| F|  |TAMS 0x0000000088000000, 0x0000000088000000| Untracked 
|  75|0x0000000088100000, 0x0000000088100000, 0x0000000088200000|  0%| F|  |TAMS 0x0000000088100000, 0x0000000088100000| Untracked 
|  76|0x0000000088200000, 0x0000000088200000, 0x0000000088300000|  0%| F|  |TAMS 0x0000000088200000, 0x0000000088200000| Untracked 
|  77|0x0000000088300000, 0x0000000088300000, 0x0000000088400000|  0%| F|  |TAMS 0x0000000088300000, 0x0000000088300000| Untracked 
|  78|0x0000000088400000, 0x0000000088400000, 0x0000000088500000|  0%| F|  |TAMS 0x0000000088400000, 0x0000000088400000| Untracked 
|  79|0x0000000088500000, 0x0000000088500000, 0x0000000088600000|  0%| F|  |TAMS 0x0000000088500000, 0x0000000088500000| Untracked 
|  80|0x0000000088600000, 0x0000000088600000, 0x0000000088700000|  0%| F|  |TAMS 0x0000000088600000, 0x0000000088600000| Untracked 
|  81|0x0000000088700000, 0x0000000088700000, 0x0000000088800000|  0%| F|  |TAMS 0x0000000088700000, 0x0000000088700000| Untracked 
|  82|0x0000000088800000, 0x0000000088800000, 0x0000000088900000|  0%| F|  |TAMS 0x0000000088800000, 0x0000000088800000| Untracked 
|  83|0x0000000088900000, 0x0000000088900000, 0x0000000088a00000|  0%| F|  |TAMS 0x0000000088900000, 0x0000000088900000| Untracked 
|  84|0x0000000088a00000, 0x0000000088a00000, 0x0000000088b00000|  0%| F|  |TAMS 0x0000000088a00000, 0x0000000088a00000| Untracked 
|  85|0x0000000088b00000, 0x0000000088b00000, 0x0000000088c00000|  0%| F|  |TAMS 0x0000000088b00000, 0x0000000088b00000| Untracked 
|  86|0x0000000088c00000, 0x0000000088c00000, 0x0000000088d00000|  0%| F|  |TAMS 0x0000000088c00000, 0x0000000088c00000| Untracked 
|  87|0x0000000088d00000, 0x0000000088d00000, 0x0000000088e00000|  0%| F|  |TAMS 0x0000000088d00000, 0x0000000088d00000| Untracked 
|  88|0x0000000088e00000, 0x0000000088e00000, 0x0000000088f00000|  0%| F|  |TAMS 0x0000000088e00000, 0x0000000088e00000| Untracked 
|  89|0x0000000088f00000, 0x0000000088f00000, 0x0000000089000000|  0%| F|  |TAMS 0x0000000088f00000, 0x0000000088f00000| Untracked 
|  90|0x0000000089000000, 0x0000000089000000, 0x0000000089100000|  0%| F|  |TAMS 0x0000000089000000, 0x0000000089000000| Untracked 
|  91|0x0000000089100000, 0x0000000089100000, 0x0000000089200000|  0%| F|  |TAMS 0x0000000089100000, 0x0000000089100000| Untracked 
|  92|0x0000000089200000, 0x0000000089200000, 0x0000000089300000|  0%| F|  |TAMS 0x0000000089200000, 0x0000000089200000| Untracked 
|  93|0x0000000089300000, 0x0000000089300000, 0x0000000089400000|  0%| F|  |TAMS 0x0000000089300000, 0x0000000089300000| Untracked 
|  94|0x0000000089400000, 0x0000000089400000, 0x0000000089500000|  0%| F|  |TAMS 0x0000000089400000, 0x0000000089400000| Untracked 
|  95|0x0000000089500000, 0x0000000089500000, 0x0000000089600000|  0%| F|  |TAMS 0x0000000089500000, 0x0000000089500000| Untracked 
|  96|0x0000000089600000, 0x0000000089600000, 0x0000000089700000|  0%| F|  |TAMS 0x0000000089600000, 0x0000000089600000| Untracked 
|  97|0x0000000089700000, 0x0000000089700000, 0x0000000089800000|  0%| F|  |TAMS 0x0000000089700000, 0x0000000089700000| Untracked 
|  98|0x0000000089800000, 0x0000000089800000, 0x0000000089900000|  0%| F|  |TAMS 0x0000000089800000, 0x0000000089800000| Untracked 
|  99|0x0000000089900000, 0x0000000089900000, 0x0000000089a00000|  0%| F|  |TAMS 0x0000000089900000, 0x0000000089900000| Untracked 
| 100|0x0000000089a00000, 0x0000000089a00000, 0x0000000089b00000|  0%| F|  |TAMS 0x0000000089a00000, 0x0000000089a00000| Untracked 
| 101|0x0000000089b00000, 0x0000000089b00000, 0x0000000089c00000|  0%| F|  |TAMS 0x0000000089b00000, 0x0000000089b00000| Untracked 
| 102|0x0000000089c00000, 0x0000000089c00000, 0x0000000089d00000|  0%| F|  |TAMS 0x0000000089c00000, 0x0000000089c00000| Untracked 
| 103|0x0000000089d00000, 0x0000000089d00000, 0x0000000089e00000|  0%| F|  |TAMS 0x0000000089d00000, 0x0000000089d00000| Untracked 
| 104|0x0000000089e00000, 0x0000000089e00000, 0x0000000089f00000|  0%| F|  |TAMS 0x0000000089e00000, 0x0000000089e00000| Untracked 
| 105|0x0000000089f00000, 0x0000000089f00000, 0x000000008a000000|  0%| F|  |TAMS 0x0000000089f00000, 0x0000000089f00000| Untracked 
| 106|0x000000008a000000, 0x000000008a000000, 0x000000008a100000|  0%| F|  |TAMS 0x000000008a000000, 0x000000008a000000| Untracked 
| 107|0x000000008a100000, 0x000000008a100000, 0x000000008a200000|  0%| F|  |TAMS 0x000000008a100000, 0x000000008a100000| Untracked 
| 108|0x000000008a200000, 0x000000008a200000, 0x000000008a300000|  0%| F|  |TAMS 0x000000008a200000, 0x000000008a200000| Untracked 
| 109|0x000000008a300000, 0x000000008a300000, 0x000000008a400000|  0%| F|  |TAMS 0x000000008a300000, 0x000000008a300000| Untracked 
| 110|0x000000008a400000, 0x000000008a400000, 0x000000008a500000|  0%| F|  |TAMS 0x000000008a400000, 0x000000008a400000| Untracked 
| 111|0x000000008a500000, 0x000000008a500000, 0x000000008a600000|  0%| F|  |TAMS 0x000000008a500000, 0x000000008a500000| Untracked 
| 112|0x000000008a600000, 0x000000008a600000, 0x000000008a700000|  0%| F|  |TAMS 0x000000008a600000, 0x000000008a600000| Untracked 
| 113|0x000000008a700000, 0x000000008a700000, 0x000000008a800000|  0%| F|  |TAMS 0x000000008a700000, 0x000000008a700000| Untracked 
| 114|0x000000008a800000, 0x000000008a800000, 0x000000008a900000|  0%| F|  |TAMS 0x000000008a800000, 0x000000008a800000| Untracked 
| 115|0x000000008a900000, 0x000000008a900000, 0x000000008aa00000|  0%| F|  |TAMS 0x000000008a900000, 0x000000008a900000| Untracked 
| 116|0x000000008aa00000, 0x000000008aa00000, 0x000000008ab00000|  0%| F|  |TAMS 0x000000008aa00000, 0x000000008aa00000| Untracked 
| 117|0x000000008ab00000, 0x000000008ab00000, 0x000000008ac00000|  0%| F|  |TAMS 0x000000008ab00000, 0x000000008ab00000| Untracked 
| 118|0x000000008ac00000, 0x000000008ac00000, 0x000000008ad00000|  0%| F|  |TAMS 0x000000008ac00000, 0x000000008ac00000| Untracked 
| 119|0x000000008ad00000, 0x000000008ad00000, 0x000000008ae00000|  0%| F|  |TAMS 0x000000008ad00000, 0x000000008ad00000| Untracked 
| 120|0x000000008ae00000, 0x000000008ae00000, 0x000000008af00000|  0%| F|  |TAMS 0x000000008ae00000, 0x000000008ae00000| Untracked 
| 121|0x000000008af00000, 0x000000008af00000, 0x000000008b000000|  0%| F|  |TAMS 0x000000008af00000, 0x000000008af00000| Untracked 
| 122|0x000000008b000000, 0x000000008b000000, 0x000000008b100000|  0%| F|  |TAMS 0x000000008b000000, 0x000000008b000000| Untracked 
| 123|0x000000008b100000, 0x000000008b1ec250, 0x000000008b200000| 92%| E|  |TAMS 0x000000008b100000, 0x000000008b100000| Complete 
| 124|0x000000008b200000, 0x000000008b300000, 0x000000008b300000|100%| E|CS|TAMS 0x000000008b200000, 0x000000008b200000| Complete 
| 125|0x000000008b300000, 0x000000008b400000, 0x000000008b400000|100%| E|CS|TAMS 0x000000008b300000, 0x000000008b300000| Complete 

Card table byte_map: [0x0000020221db0000,0x00000202221a0000] _byte_map_base: 0x0000020221995000

Marking Bits (Prev, Next): (CMBitMap*) 0x000002020f009da0, (CMBitMap*) 0x000002020f009de0
 Prev Bits: [0x0000020222590000, 0x00000202244b8000)
 Next Bits: [0x00000202244c0000, 0x00000202263e8000)

Polling page: 0x000002020e6d0000

Metaspace:

Usage:
  Non-class:      7.04 MB used.
      Class:    698.81 KB used.
       Both:      7.72 MB used.

Virtual space:
  Non-class space:       64.00 MB reserved,       7.06 MB ( 11%) committed,  1 nodes.
      Class space:        1.00 GB reserved,     768.00 KB ( <1%) committed,  1 nodes.
             Both:        1.06 GB reserved,       7.81 MB ( <1%) committed. 

Chunk freelists:
   Non-Class:  8.45 MB
       Class:  15.23 MB
        Both:  23.68 MB

MaxMetaspaceSize: unlimited
CompressedClassSpaceSize: 1.00 GB
Initial GC threshold: 21.00 MB
Current GC threshold: 21.00 MB
CDS: off
MetaspaceReclaimPolicy: balanced
 - commit_granule_bytes: 65536.
 - commit_granule_words: 8192.
 - virtual_space_node_default_size: 8388608.
 - enlarge_chunks_in_place: 1.
 - new_chunks_are_fully_committed: 0.
 - uncommit_free_chunks: 1.
 - use_allocation_guard: 0.
 - handle_deallocations: 1.


Internal statistics:

num_allocs_failed_limit: 0.
num_arena_births: 8.
num_arena_deaths: 0.
num_vsnodes_births: 2.
num_vsnodes_deaths: 0.
num_space_committed: 125.
num_space_uncommitted: 0.
num_chunks_returned_to_freelist: 0.
num_chunks_taken_from_freelist: 32.
num_chunk_merges: 0.
num_chunk_splits: 17.
num_chunks_enlarged: 9.
num_inconsistent_stats: 0.

CodeHeap 'non-profiled nmethods': size=120000Kb used=62Kb max_used=62Kb free=119937Kb
 bounds [0x0000020219f30000, 0x000002021a1a0000, 0x0000020221460000]
CodeHeap 'profiled nmethods': size=120000Kb used=288Kb max_used=288Kb free=119712Kb
 bounds [0x0000020212460000, 0x00000202126d0000, 0x0000020219990000]
CodeHeap 'non-nmethods': size=5760Kb used=1134Kb max_used=1140Kb free=4625Kb
 bounds [0x0000020219990000, 0x0000020219c00000, 0x0000020219f30000]
 total_blobs=629 nmethods=224 adapters=318
 compilation: enabled
              stopped_count=0, restarted_count=0
 full_count=0

Compilation events (20 events):
Event: 0.183 Thread 0x00000202292375a0  209       3       java.lang.invoke.MemberName::testFlags (16 bytes)
Event: 0.183 Thread 0x00000202292375a0 nmethod 209 0x00000202124a5390 code [0x00000202124a5520, 0x00000202124a5698]
Event: 0.185 Thread 0x00000202292375a0  211   !   3       java.lang.ref.ReferenceQueue::poll (28 bytes)
Event: 0.185 Thread 0x00000202292375a0 nmethod 211 0x00000202124a5710 code [0x00000202124a58c0, 0x00000202124a5b48]
Event: 0.190 Thread 0x00000202292375a0  213       3       java.util.ImmutableCollections$Set12$1::next (95 bytes)
Event: 0.190 Thread 0x00000202292375a0 nmethod 213 0x00000202124a5c90 code [0x00000202124a5e60, 0x00000202124a6148]
Event: 0.190 Thread 0x00000202292375a0  214       3       java.lang.invoke.MethodType::hashCode (53 bytes)
Event: 0.191 Thread 0x00000202292375a0 nmethod 214 0x00000202124a6290 code [0x00000202124a6440, 0x00000202124a67b8]
Event: 0.191 Thread 0x00000202292375a0  215       1       java.lang.invoke.MemberName::getDeclaringClass (5 bytes)
Event: 0.191 Thread 0x00000202292375a0 nmethod 215 0x0000020219f3e690 code [0x0000020219f3e820, 0x0000020219f3e8f8]
Event: 0.191 Thread 0x00000202292375a0  216       3       java.lang.invoke.MemberName::isInvocable (8 bytes)
Event: 0.191 Thread 0x00000202292375a0 nmethod 216 0x00000202124a6990 code [0x00000202124a6b40, 0x00000202124a6dd8]
Event: 0.191 Thread 0x00000202292375a0  217       3       java.lang.invoke.MemberName::testAnyFlags (15 bytes)
Event: 0.191 Thread 0x00000202292375a0 nmethod 217 0x00000202124a6f10 code [0x00000202124a70c0, 0x00000202124a72f8]
Event: 0.191 Thread 0x00000202292375a0  218       3       java.lang.invoke.MethodType$ConcurrentWeakInternSet::expungeStaleElements (27 bytes)
Event: 0.191 Thread 0x00000202292375a0 nmethod 218 0x00000202124a7390 code [0x00000202124a7580, 0x00000202124a7a78]
Event: 0.191 Thread 0x00000202292375a0  221       1       java.lang.invoke.MethodType::ptypes (5 bytes)
Event: 0.191 Thread 0x00000202292375a0 nmethod 221 0x0000020219f3f390 code [0x0000020219f3f520, 0x0000020219f3f5f8]
Event: 0.191 Thread 0x00000202292375a0  224       3       java.lang.String::toString (2 bytes)
Event: 0.192 Thread 0x00000202292375a0 nmethod 224 0x00000202124a7c90 code [0x00000202124a7e20, 0x00000202124a7f38]

GC Heap History (0 events):
No events

Dll operation events (1 events):
Event: 0.008 Loaded shared library C:\Program Files\Android\Android Studio\jbr\bin\java.dll

Deoptimization events (0 events):
No events

Classes unloaded (0 events):
No events

Classes redefined (0 events):
No events

Internal exceptions (0 events):
No events

VM Operations (4 events):
Event: 0.108 Executing VM operation: HandshakeAllThreads
Event: 0.108 Executing VM operation: HandshakeAllThreads done
Event: 0.123 Executing VM operation: HandshakeAllThreads
Event: 0.123 Executing VM operation: HandshakeAllThreads done

Events (20 events):
Event: 0.194 loading class java/time/LocalDateTime done
Event: 0.194 loading class java/time/ZonedDateTime
Event: 0.194 loading class java/time/chrono/ChronoZonedDateTime
Event: 0.194 loading class java/time/chrono/ChronoZonedDateTime done
Event: 0.194 loading class java/time/ZonedDateTime done
Event: 0.194 loading class java/time/LocalDate
Event: 0.195 loading class java/time/chrono/ChronoLocalDate
Event: 0.195 loading class java/time/chrono/ChronoLocalDate done
Event: 0.195 loading class java/time/LocalDate done
Event: 0.195 loading class java/time/temporal/ChronoField
Event: 0.195 loading class java/time/temporal/TemporalField
Event: 0.195 loading class java/time/temporal/TemporalField done
Event: 0.195 loading class java/time/temporal/ChronoField done
Event: 0.195 loading class java/time/temporal/ChronoUnit
Event: 0.196 loading class java/time/temporal/TemporalUnit
Event: 0.196 loading class java/time/temporal/TemporalUnit done
Event: 0.196 loading class java/time/temporal/ChronoUnit done
Event: 0.196 loading class java/time/Duration
Event: 0.196 loading class java/time/temporal/TemporalAmount
Event: 0.196 loading class java/time/temporal/TemporalAmount done


Dynamic libraries:
0x00007ff740700000 - 0x00007ff74070a000 	C:\Program Files\Android\Android Studio\jbr\bin\java.exe
0x00007ffa5d8f0000 - 0x00007ffa5db06000 	C:\Windows\SYSTEM32\ntdll.dll
0x00007ffa5b7f0000 - 0x00007ffa5b8b4000 	C:\Windows\System32\KERNEL32.DLL
0x00007ffa5afd0000 - 0x00007ffa5b376000 	C:\Windows\System32\KERNELBASE.dll
0x00007ffa5ad90000 - 0x00007ffa5aea1000 	C:\Windows\System32\ucrtbase.dll
0x00007ffa54b00000 - 0x00007ffa54b1b000 	C:\Program Files\Android\Android Studio\jbr\bin\VCRUNTIME140.dll
0x00007ffa32300000 - 0x00007ffa32317000 	C:\Program Files\Android\Android Studio\jbr\bin\jli.dll
0x00007ffa5b640000 - 0x00007ffa5b7ed000 	C:\Windows\System32\USER32.dll
0x00007ffa5b570000 - 0x00007ffa5b596000 	C:\Windows\System32\win32u.dll
0x00007ffa5d3f0000 - 0x00007ffa5d419000 	C:\Windows\System32\GDI32.dll
0x00007ffa5aeb0000 - 0x00007ffa5afc8000 	C:\Windows\System32\gdi32full.dll
0x00007ffa3fc90000 - 0x00007ffa3ff23000 	C:\Windows\WinSxS\amd64_microsoft.windows.common-controls_6595b64144ccf1df_6.0.22621.3235_none_270f74e173860f98\COMCTL32.dll
0x00007ffa5b5a0000 - 0x00007ffa5b63a000 	C:\Windows\System32\msvcp_win.dll
0x00007ffa5bdb0000 - 0x00007ffa5be57000 	C:\Windows\System32\msvcrt.dll
0x00007ffa5be60000 - 0x00007ffa5be91000 	C:\Windows\System32\IMM32.DLL
0x0000000064600000 - 0x000000006460c000 	C:\Program Files (x86)\360\Total Security\safemon\SafeWrapper.dll
0x00007ffa5bf50000 - 0x00007ffa5c002000 	C:\Windows\System32\ADVAPI32.dll
0x00007ffa5c380000 - 0x00007ffa5c428000 	C:\Windows\System32\sechost.dll
0x00007ffa5ad60000 - 0x00007ffa5ad88000 	C:\Windows\System32\bcrypt.dll
0x00007ffa5c8a0000 - 0x00007ffa5c9b5000 	C:\Windows\System32\RPCRT4.dll
0x00007ffa05ae0000 - 0x00007ffa05b72000 	C:\Program Files (x86)\360\Total Security\safemon\libzdtp64.dll
0x00007ffa5ca20000 - 0x00007ffa5d27c000 	C:\Windows\System32\SHELL32.dll
0x00007ffa5c9c0000 - 0x00007ffa5ca1e000 	C:\Windows\System32\SHLWAPI.dll
0x00007ffa5a780000 - 0x00007ffa5a78a000 	C:\Windows\SYSTEM32\VERSION.dll
0x00007ffa54af0000 - 0x00007ffa54afc000 	C:\Program Files\Android\Android Studio\jbr\bin\vcruntime140_1.dll
0x00007ffa40dc0000 - 0x00007ffa40e4d000 	C:\Program Files\Android\Android Studio\jbr\bin\msvcp140.dll
0x00007ff99aa10000 - 0x00007ff99b690000 	C:\Program Files\Android\Android Studio\jbr\bin\server\jvm.dll
0x00007ffa516a0000 - 0x00007ffa516d4000 	C:\Windows\SYSTEM32\WINMM.dll
0x00007ffa3d0c0000 - 0x00007ffa3d0c9000 	C:\Windows\SYSTEM32\WSOCK32.dll
0x00007ffa5c7c0000 - 0x00007ffa5c831000 	C:\Windows\System32\WS2_32.dll
0x00007ffa59bc0000 - 0x00007ffa59bd8000 	C:\Windows\SYSTEM32\kernel.appcore.dll
0x00007ffa452e0000 - 0x00007ffa452ea000 	C:\Program Files\Android\Android Studio\jbr\bin\jimage.dll
0x00007ffa58510000 - 0x00007ffa58743000 	C:\Windows\SYSTEM32\DBGHELP.DLL
0x00007ffa5c430000 - 0x00007ffa5c7b8000 	C:\Windows\System32\combase.dll
0x00007ffa5d310000 - 0x00007ffa5d3e7000 	C:\Windows\System32\OLEAUT32.dll
0x00007ffa27280000 - 0x00007ffa272b2000 	C:\Windows\SYSTEM32\dbgcore.DLL
0x00007ffa5b4f0000 - 0x00007ffa5b56a000 	C:\Windows\System32\bcryptPrimitives.dll
0x00007ffa36380000 - 0x00007ffa363a5000 	C:\Program Files\Android\Android Studio\jbr\bin\java.dll
0x00007ffa43240000 - 0x00007ffa43258000 	C:\Program Files\Android\Android Studio\jbr\bin\zip.dll
0x00007ffa58ad0000 - 0x00007ffa593c8000 	C:\Windows\SYSTEM32\windows.storage.dll
0x00007ffa58990000 - 0x00007ffa58ace000 	C:\Windows\SYSTEM32\wintypes.dll
0x00007ffa5c010000 - 0x00007ffa5c103000 	C:\Windows\System32\SHCORE.dll
0x00007ffa5ab60000 - 0x00007ffa5ab86000 	C:\Windows\SYSTEM32\profapi.dll
0x00007ffa35460000 - 0x00007ffa35479000 	C:\Program Files\Android\Android Studio\jbr\bin\net.dll
0x00007ffa51a80000 - 0x00007ffa51bb7000 	C:\Windows\SYSTEM32\WINHTTP.dll
0x00007ffa5a030000 - 0x00007ffa5a099000 	C:\Windows\system32\mswsock.dll
0x00007ffa32320000 - 0x00007ffa32336000 	C:\Program Files\Android\Android Studio\jbr\bin\nio.dll

dbghelp: loaded successfully - version: 4.0.5 - missing functions: none
symbol engine: initialized successfully - sym options: 0x614 - pdb path: .;C:\Program Files\Android\Android Studio\jbr\bin;C:\Windows\SYSTEM32;C:\Windows\WinSxS\amd64_microsoft.windows.common-controls_6595b64144ccf1df_6.0.22621.3235_none_270f74e173860f98;C:\Program Files (x86)\360\Total Security\safemon;C:\Program Files\Android\Android Studio\jbr\bin\server

VM Arguments:
java_command: git4idea.http.GitAskPassApp Username for 'https://github.com': 
java_class_path (initial): C:/Program Files/Android/Android Studio/plugins/vcs-git/lib/git4idea-rt.jar;C:/Program Files/Android/Android Studio/lib/externalProcess-rt.jar
Launcher Type: SUN_STANDARD

[Global flags]
     intx CICompilerCount                          = 4                                         {product} {ergonomic}
     uint ConcGCThreads                            = 3                                         {product} {ergonomic}
     uint G1ConcRefinementThreads                  = 10                                        {product} {ergonomic}
   size_t G1HeapRegionSize                         = 1048576                                   {product} {ergonomic}
    uintx GCDrainStackTargetSize                   = 64                                        {product} {ergonomic}
   size_t InitialHeapSize                          = 132120576                                 {product} {ergonomic}
   size_t MarkStackSize                            = 4194304                                   {product} {ergonomic}
   size_t MaxHeapSize                              = 2090860544                                {product} {ergonomic}
   size_t MaxNewSize                               = 1254096896                                {product} {ergonomic}
   size_t MinHeapDeltaBytes                        = 1048576                                   {product} {ergonomic}
   size_t MinHeapSize                              = 8388608                                   {product} {ergonomic}
    uintx NonNMethodCodeHeapSize                   = 5839372                                {pd product} {ergonomic}
    uintx NonProfiledCodeHeapSize                  = 122909434                              {pd product} {ergonomic}
    uintx ProfiledCodeHeapSize                     = 122909434                              {pd product} {ergonomic}
    uintx ReservedCodeCacheSize                    = 251658240                              {pd product} {ergonomic}
     bool SegmentedCodeCache                       = true                                      {product} {ergonomic}
   size_t SoftMaxHeapSize                          = 2090860544                             {manageable} {ergonomic}
     bool UseCompressedClassPointers               = true                           {product lp64_product} {ergonomic}
     bool UseCompressedOops                        = true                           {product lp64_product} {ergonomic}
     bool UseG1GC                                  = true                                      {product} {ergonomic}
     bool UseLargePagesIndividualAllocation        = false                                  {pd product} {ergonomic}

Logging:
Log output configuration:
 #0: stdout all=warning uptime,level,tags
 #1: stderr all=off uptime,level,tags

Environment Variables:
PATH=C:\Program Files\Git\mingw64\libexec\git-core;C:\Program Files\Git\mingw64\libexec\git-core;C:\Program Files\Git\mingw64\libexec\git-core;C:\Program Files\Git\mingw64\bin;C:\Program Files\Git\usr\bin;C:\Users\radox\bin;C:\Program Files\Common Files\Oracle\Java\javapath;C:\Windows\system32;C:\Windows;C:\Windows\System32\Wbem;C:\Windows\System32\WindowsPowerShell\v1.0;C:\Windows\System32\OpenSSH;C:\Program Files\NVIDIA Corporation\NVIDIA NvDLISR;C:\Program Files\dotnet;C:\Program Files\nodejs;C:\xampp\php;C:\ProgramData\ComposerSetup\bin;C:\Program Files (x86)\NVIDIA Corporation\PhysX\Common;C:\Program Files\Git\cmd;C:\Program Files\sqlite;C:\Users\radox\AppData\Local\Microsoft\WindowsApps;C:\Users\radox\AppData\Local\Programs\Microsoft VS Code\bin;C:\Users\radox\.dotnet\tools;C:\Users\radox\AppData\Roaming\npm;C:\Users\radox\AppData\Roaming\Composer\vendor\bin;C:\Program Files\JetBrains\IntelliJ IDEA Educational Edition 2022.2.2\bin
USERNAME=radox
DISPLAY=:0.0
LC_ALL=en_US.UTF-8
TERM=xterm-256color
TMPDIR=C:\Users\radox\AppData\Local\Temp
OS=Windows_NT
PROCESSOR_IDENTIFIER=Intel64 Family 6 Model 141 Stepping 1, GenuineIntel
TMP=C:\Users\radox\AppData\Local\Temp
TEMP=C:\Users\radox\AppData\Local\Temp


JNI global refs:
JNI global refs: 8, weak refs: 0

JNI global refs memory usage: 843, weak refs: 209

OOME stack traces (most recent first):
Classloader memory used:
Loader bootstrap                                                                       : 973K
Loader jdk.internal.loader.ClassLoaders$PlatformClassLoader                            : 14153B
Loader jdk.internal.loader.ClassLoaders$AppClassLoader                                 : 1610B


---------------  S Y S T E M  ---------------

OS:
 Windows 11 , 64 bit Build 22621 (10.0.22621.3235)
OS uptime: 4 days 17:59 hours
Hyper-V role detected

CPU: total 12 (initial active 12) (6 cores per cpu, 2 threads per core) family 6 model 141 stepping 1 microcode 0x3c, cx8, cmov, fxsr, ht, mmx, 3dnowpref, sse, sse2, sse3, ssse3, sse4.1, sse4.2, popcnt, lzcnt, tsc, tscinvbit, avx, avx2, aes, erms, clmul, bmi1, bmi2, adx, avx512f, avx512dq, avx512cd, avx512bw, avx512vl, sha, fma, vzeroupper, avx512_vpopcntdq, avx512_vpclmulqdq, avx512_vaes, avx512_vnni, clflush, clflushopt, clwb, avx512_vbmi2, avx512_vbmi, hv

Memory: 4k page, system-wide physical 7971M (417M free)
TotalPageFile size 32547M (AvailPageFile size 1M)
current process WorkingSet (physical memory assigned to process): 39M, peak: 39M
current process commit charge ("private bytes"): 210M, peak: 212M

vm_info: OpenJDK 64-Bit Server VM (17.0.7+0-b2043.56-10550314) for windows-amd64 JRE (17.0.7+0-b2043.56-10550314), built on Jul 24 2023 18:27:45 by "androidbuild" with MS VC++ 16.10 / 16.11 (VS2019)

END.
